Determining if the pthread_create exist failed with the following output:
Change Dir: /home/evanbrown/School/cs480Mcilwain/PA5/build/CMakeFiles/CMakeTmp

Run Build Command:"/usr/bin/make" "cmTC_5e86b/fast"
/usr/bin/make -f CMakeFiles/cmTC_5e86b.dir/build.make CMakeFiles/cmTC_5e86b.dir/build
make[1]: Entering directory '/home/evanbrown/School/cs480Mcilwain/PA5/build/CMakeFiles/CMakeTmp'
Building C object CMakeFiles/cmTC_5e86b.dir/CheckSymbolExists.c.o
/usr/bin/cc    -o CMakeFiles/cmTC_5e86b.dir/CheckSymbolExists.c.o   -c /home/evanbrown/School/cs480Mcilwain/PA5/build/CMakeFiles/CMakeTmp/CheckSymbolExists.c
Linking C executable cmTC_5e86b
/usr/bin/cmake -E cmake_link_script CMakeFiles/cmTC_5e86b.dir/link.txt --verbose=1
/usr/bin/cc      -rdynamic CMakeFiles/cmTC_5e86b.dir/CheckSymbolExists.c.o  -o cmTC_5e86b 
CMakeFiles/cmTC_5e86b.dir/CheckSymbolExists.c.o: In function `main':
CheckSymbolExists.c:(.text+0x1b): undefined reference to `pthread_create'
collect2: error: ld returned 1 exit status
CMakeFiles/cmTC_5e86b.dir/build.make:97: recipe for target 'cmTC_5e86b' failed
make[1]: *** [cmTC_5e86b] Error 1
make[1]: Leaving directory '/home/evanbrown/School/cs480Mcilwain/PA5/build/CMakeFiles/CMakeTmp'
Makefile:126: recipe for target 'cmTC_5e86b/fast' failed
make: *** [cmTC_5e86b/fast] Error 2

File /home/evanbrown/School/cs480Mcilwain/PA5/build/CMakeFiles/CMakeTmp/CheckSymbolExists.c:
/* */
#include <pthread.h>

int main(int argc, char** argv)
{
  (void)argv;
#ifndef pthread_create
  return ((int*)(&pthread_create))[argc];
#else
  (void)argc;
  return 0;
#endif
}

Determining if the function pthread_create exists in the pthreads failed with the following output:
Change Dir: /home/evanbrown/School/cs480Mcilwain/PA5/build/CMakeFiles/CMakeTmp

Run Build Command:"/usr/bin/make" "cmTC_aabd6/fast"
/usr/bin/make -f CMakeFiles/cmTC_aabd6.dir/build.make CMakeFiles/cmTC_aabd6.dir/build
make[1]: Entering directory '/home/evanbrown/School/cs480Mcilwain/PA5/build/CMakeFiles/CMakeTmp'
Building C object CMakeFiles/cmTC_aabd6.dir/CheckFunctionExists.c.o
/usr/bin/cc   -DCHECK_FUNCTION_EXISTS=pthread_create   -o CMakeFiles/cmTC_aabd6.dir/CheckFunctionExists.c.o   -c /usr/share/cmake-3.10/Modules/CheckFunctionExists.c
Linking C executable cmTC_aabd6
/usr/bin/cmake -E cmake_link_script CMakeFiles/cmTC_aabd6.dir/link.txt --verbose=1
/usr/bin/cc  -DCHECK_FUNCTION_EXISTS=pthread_create    -rdynamic CMakeFiles/cmTC_aabd6.dir/CheckFunctionExists.c.o  -o cmTC_aabd6 -lpthreads 
/usr/bin/x86_64-linux-gnu-ld: cannot find -lpthreads
collect2: error: ld returned 1 exit status
CMakeFiles/cmTC_aabd6.dir/build.make:97: recipe for target 'cmTC_aabd6' failed
make[1]: *** [cmTC_aabd6] Error 1
make[1]: Leaving directory '/home/evanbrown/School/cs480Mcilwain/PA5/build/CMakeFiles/CMakeTmp'
Makefile:126: recipe for target 'cmTC_aabd6/fast' failed
make: *** [cmTC_aabd6/fast] Error 2


