Determining if the pthread_create exist failed with the following output:
Change Dir: /home/enzoarata/Desktop/Repository/Copy/cs480Mcilwain/FinalProject/Build/CMakeFiles/CMakeTmp

Run Build Command:"/usr/bin/make" "cmTC_d04e8/fast"
/usr/bin/make -f CMakeFiles/cmTC_d04e8.dir/build.make CMakeFiles/cmTC_d04e8.dir/build
make[1]: Entering directory '/home/enzoarata/Desktop/Repository/Copy/cs480Mcilwain/FinalProject/Build/CMakeFiles/CMakeTmp'
Building C object CMakeFiles/cmTC_d04e8.dir/CheckSymbolExists.c.o
/usr/bin/cc    -o CMakeFiles/cmTC_d04e8.dir/CheckSymbolExists.c.o   -c /home/enzoarata/Desktop/Repository/Copy/cs480Mcilwain/FinalProject/Build/CMakeFiles/CMakeTmp/CheckSymbolExists.c
Linking C executable cmTC_d04e8
/usr/bin/cmake -E cmake_link_script CMakeFiles/cmTC_d04e8.dir/link.txt --verbose=1
/usr/bin/cc      -rdynamic CMakeFiles/cmTC_d04e8.dir/CheckSymbolExists.c.o  -o cmTC_d04e8 
CMakeFiles/cmTC_d04e8.dir/CheckSymbolExists.c.o: In function `main':
CheckSymbolExists.c:(.text+0x1b): undefined reference to `pthread_create'
collect2: error: ld returned 1 exit status
CMakeFiles/cmTC_d04e8.dir/build.make:97: recipe for target 'cmTC_d04e8' failed
make[1]: *** [cmTC_d04e8] Error 1
make[1]: Leaving directory '/home/enzoarata/Desktop/Repository/Copy/cs480Mcilwain/FinalProject/Build/CMakeFiles/CMakeTmp'
Makefile:126: recipe for target 'cmTC_d04e8/fast' failed
make: *** [cmTC_d04e8/fast] Error 2

File /home/enzoarata/Desktop/Repository/Copy/cs480Mcilwain/FinalProject/Build/CMakeFiles/CMakeTmp/CheckSymbolExists.c:
/* */
#include <pthread.h>

int main(int argc, char** argv)
{
  (void)argv;
#ifndef pthread_create
  return ((int*)(&pthread_create))[argc];
#else
  (void)argc;
  return 0;
#endif
}

Determining if the function pthread_create exists in the pthreads failed with the following output:
Change Dir: /home/enzoarata/Desktop/Repository/Copy/cs480Mcilwain/FinalProject/Build/CMakeFiles/CMakeTmp

Run Build Command:"/usr/bin/make" "cmTC_1fb28/fast"
/usr/bin/make -f CMakeFiles/cmTC_1fb28.dir/build.make CMakeFiles/cmTC_1fb28.dir/build
make[1]: Entering directory '/home/enzoarata/Desktop/Repository/Copy/cs480Mcilwain/FinalProject/Build/CMakeFiles/CMakeTmp'
Building C object CMakeFiles/cmTC_1fb28.dir/CheckFunctionExists.c.o
/usr/bin/cc   -DCHECK_FUNCTION_EXISTS=pthread_create   -o CMakeFiles/cmTC_1fb28.dir/CheckFunctionExists.c.o   -c /usr/share/cmake-3.10/Modules/CheckFunctionExists.c
Linking C executable cmTC_1fb28
/usr/bin/cmake -E cmake_link_script CMakeFiles/cmTC_1fb28.dir/link.txt --verbose=1
/usr/bin/cc  -DCHECK_FUNCTION_EXISTS=pthread_create    -rdynamic CMakeFiles/cmTC_1fb28.dir/CheckFunctionExists.c.o  -o cmTC_1fb28 -lpthreads 
/usr/bin/ld: cannot find -lpthreads
collect2: error: ld returned 1 exit status
CMakeFiles/cmTC_1fb28.dir/build.make:97: recipe for target 'cmTC_1fb28' failed
make[1]: *** [cmTC_1fb28] Error 1
make[1]: Leaving directory '/home/enzoarata/Desktop/Repository/Copy/cs480Mcilwain/FinalProject/Build/CMakeFiles/CMakeTmp'
Makefile:126: recipe for target 'cmTC_1fb28/fast' failed
make: *** [cmTC_1fb28/fast] Error 2


